<?xml version="1.0" encoding="UTF-8"?>
<testsuites name="CHS_login" time="26.486" tests="2" failures="0" errors="0">
   <testsuite name="CHS_login" tests="2" failures="0" errors="0" time="26.486" skipped="0" timestamp="08-02-2024T06:26:20" hostname="ayesh - DELL" id="Test Suites/CURA_Login/CHS_login">
      <properties>
         <property name="deviceName" value=""/>
         <property name="devicePlatform" value=""/>
         <property name="logFolder" value="C:\\Users\\ayesh\\Katalon Studio\\Software Automation Testing with Katalon\\Reports\\20240208_062615\\CURA_Login\\CHS_login\\20240208_062615"/>
         <property name="logFiles" value="C:\\Users\\ayesh\\Katalon Studio\\Software Automation Testing with Katalon\\Reports\\20240208_062615\\CURA_Login\\CHS_login\\20240208_062615\\execution0.log"/>
         <property name="attachments" value=""/>
         <property name="hostName" value="ayesh - DELL"/>
         <property name="os" value="Windows 11 64bit"/>
         <property name="katalonVersion" value="9.1.0.212"/>
         <property name="browser" value="Chrome 121.0.0.0"/>
         <property name="hostAddress" value="192.168.0.109"/>
         <property name="sessionId" value="e0d2e1fb3f70ff7cb590b1e764892510"/>
         <property name="seleniumVersion" value="3.141.59"/>
         <property name="proxyInformation" value="ProxyInformation { proxyOption=NO_PROXY, proxyServerType=HTTP, username=, password=********, proxyServerAddress=, proxyServerPort=0, executionList=&quot;&quot;, isApplyToDesiredCapabilities=true }"/>
         <property name="platform" value="Windows 11"/>
      </properties>
      <testcase name="Test Cases/CURA/TC_CURA_Login_002" time="14.617" classname="Test Cases/CURA/TC_CURA_Login_002" status="PASSED">
         <system-out><![CDATA[08-02-2024T06:26:21 - [TEST_CASE][PASSED] - Test Cases/CURA/TC_CURA_Login_002: Test Cases/CURA/TC_CURA_Login_002

08-02-2024T06:26:21 - [TEST_STEP][PASSED] - Start listener action : sampleBeforeTestCase: Navigate to 'https://katalon-demo-cura.herokuapp.com/' successfully

08-02-2024T06:26:21 - [TEST_STEP][PASSED] - openBrowser(""): Browser is opened with url: ''

08-02-2024T06:26:21 - [MESSAGE][INFO] - Starting 'Chrome' driver

08-02-2024T06:26:21 - [MESSAGE][INFO] - Action delay is set to 0 milliseconds

08-02-2024T06:26:23 - [MESSAGE][PASSED] - Browser is opened with url: ''

08-02-2024T06:26:23 - [TEST_STEP][PASSED] - navigateToUrl("https://katalon-demo-cura.herokuapp.com/"): Navigate to 'https://katalon-demo-cura.herokuapp.com/' successfully

08-02-2024T06:26:26 - [MESSAGE][PASSED] - Navigate to 'https://katalon-demo-cura.herokuapp.com/' successfully

08-02-2024T06:26:26 - [TEST_STEP][PASSED] - openBrowser(""): Browser is opened with url: ''

08-02-2024T06:26:26 - [MESSAGE][WARNING] - A browser is already opened. Closing browser and opening a new one

08-02-2024T06:26:26 - [MESSAGE][INFO] - Starting 'Chrome' driver

08-02-2024T06:26:26 - [MESSAGE][INFO] - Action delay is set to 0 milliseconds

08-02-2024T06:26:27 - [MESSAGE][PASSED] - Browser is opened with url: ''

08-02-2024T06:26:27 - [TEST_STEP][PASSED] - navigateToUrl("https://katalon-demo-cura.herokuapp.com/"): Navigate to 'https://katalon-demo-cura.herokuapp.com/' successfully

08-02-2024T06:26:30 - [MESSAGE][PASSED] - Navigate to 'https://katalon-demo-cura.herokuapp.com/' successfully

08-02-2024T06:26:30 - [TEST_STEP][PASSED] - click(findTestObject("Object Repository/Page_CURA Healthcare Service/amenu-toggle")): Object: 'Object Repository/Page_CURA Healthcare Service/amenu-toggle' is clicked on

08-02-2024T06:26:31 - [MESSAGE][PASSED] - Object: 'Object Repository/Page_CURA Healthcare Service/amenu-toggle' is clicked on

08-02-2024T06:26:31 - [TEST_STEP][PASSED] - click(findTestObject("Object Repository/Page_CURA Healthcare Service/a_Login")): Object: 'Object Repository/Page_CURA Healthcare Service/a_Login' is clicked on

08-02-2024T06:26:32 - [MESSAGE][PASSED] - Object: 'Object Repository/Page_CURA Healthcare Service/a_Login' is clicked on

08-02-2024T06:26:32 - [TEST_STEP][PASSED] - setText(findTestObject("Object Repository/Page_CURA Healthcare Service/input_Username_username"), username): Text 'John Doe' is set on object 'Object Repository/Page_CURA Healthcare Service/input_Username_username'

08-02-2024T06:26:33 - [MESSAGE][PASSED] - Text 'John Doe' is set on object 'Object Repository/Page_CURA Healthcare Service/input_Username_username'

08-02-2024T06:26:33 - [TEST_STEP][PASSED] - setText(findTestObject("Page_CURA Healthcare Service/input_Password_password"), password): Text 'ThisIsNotAPassword' is set on object 'Object Repository/Page_CURA Healthcare Service/input_Password_password'

08-02-2024T06:26:33 - [MESSAGE][PASSED] - Text 'ThisIsNotAPassword' is set on object 'Object Repository/Page_CURA Healthcare Service/input_Password_password'

08-02-2024T06:26:33 - [TEST_STEP][PASSED] - click(findTestObject("Object Repository/Page_CURA Healthcare Service/button_Login")): Object: 'Object Repository/Page_CURA Healthcare Service/button_Login' is clicked on

08-02-2024T06:26:35 - [MESSAGE][PASSED] - Object: 'Object Repository/Page_CURA Healthcare Service/button_Login' is clicked on

08-02-2024T06:26:35 - [TEST_STEP][PASSED] - closeBrowser(): Browser is closed

08-02-2024T06:26:35 - [MESSAGE][PASSED] - Browser is closed

08-02-2024T06:26:35 - [TEST_STEP][PASSED] - Start listener action : sampleAfterTestCase: Browser is closed

08-02-2024T06:26:35 - [TEST_STEP][PASSED] - closeBrowser(): Browser is closed

08-02-2024T06:26:35 - [MESSAGE][PASSED] - Browser is closed]]></system-out>
         <system-err><![CDATA[]]></system-err>
      </testcase>
      <testcase name="Test Cases/CURA/TC_CURA_MakeApointment_003" time="11.549" classname="Test Cases/CURA/TC_CURA_MakeApointment_003" status="PASSED">
         <system-out><![CDATA[08-02-2024T06:26:35 - [TEST_CASE][PASSED] - Test Cases/CURA/TC_CURA_MakeApointment_003: Test Cases/CURA/TC_CURA_MakeApointment_003

08-02-2024T06:26:35 - [TEST_STEP][PASSED] - Start listener action : sampleBeforeTestCase: Navigate to 'https://katalon-demo-cura.herokuapp.com/' successfully

08-02-2024T06:26:35 - [TEST_STEP][PASSED] - openBrowser(""): Browser is opened with url: ''

08-02-2024T06:26:35 - [MESSAGE][INFO] - Starting 'Chrome' driver

08-02-2024T06:26:35 - [MESSAGE][INFO] - Action delay is set to 0 milliseconds

08-02-2024T06:26:36 - [MESSAGE][PASSED] - Browser is opened with url: ''

08-02-2024T06:26:36 - [TEST_STEP][PASSED] - navigateToUrl("https://katalon-demo-cura.herokuapp.com/"): Navigate to 'https://katalon-demo-cura.herokuapp.com/' successfully

08-02-2024T06:26:39 - [MESSAGE][PASSED] - Navigate to 'https://katalon-demo-cura.herokuapp.com/' successfully

08-02-2024T06:26:39 - [TEST_STEP][PASSED] - openBrowser(""): Browser is opened with url: ''

08-02-2024T06:26:39 - [MESSAGE][WARNING] - A browser is already opened. Closing browser and opening a new one

08-02-2024T06:26:39 - [MESSAGE][INFO] - Starting 'Chrome' driver

08-02-2024T06:26:39 - [MESSAGE][INFO] - Action delay is set to 0 milliseconds

08-02-2024T06:26:40 - [MESSAGE][PASSED] - Browser is opened with url: ''

08-02-2024T06:26:40 - [TEST_STEP][PASSED] - navigateToUrl("https://katalon-demo-cura.herokuapp.com/"): Navigate to 'https://katalon-demo-cura.herokuapp.com/' successfully

08-02-2024T06:26:43 - [MESSAGE][PASSED] - Navigate to 'https://katalon-demo-cura.herokuapp.com/' successfully

08-02-2024T06:26:43 - [TEST_STEP][PASSED] - click(findTestObject("Object Repository/Page_CURA Healthcare Service/a_Make Appointment")): Object: 'Object Repository/Page_CURA Healthcare Service/a_Make Appointment' is clicked on

08-02-2024T06:26:43 - [MESSAGE][PASSED] - Object: 'Object Repository/Page_CURA Healthcare Service/a_Make Appointment' is clicked on

08-02-2024T06:26:43 - [TEST_STEP][PASSED] - setText(findTestObject("Object Repository/Page_CURA Healthcare Service/input_Username_username"), "John Doe"): Text 'John Doe' is set on object 'Object Repository/Page_CURA Healthcare Service/input_Username_username'

08-02-2024T06:26:44 - [MESSAGE][PASSED] - Text 'John Doe' is set on object 'Object Repository/Page_CURA Healthcare Service/input_Username_username'

08-02-2024T06:26:44 - [TEST_STEP][PASSED] - setText(findTestObject("Page_CURA Healthcare Service/input_Password_password"), "ThisIsNotAPassword"): Text 'ThisIsNotAPassword' is set on object 'Object Repository/Page_CURA Healthcare Service/input_Password_password'

08-02-2024T06:26:45 - [MESSAGE][PASSED] - Text 'ThisIsNotAPassword' is set on object 'Object Repository/Page_CURA Healthcare Service/input_Password_password'

08-02-2024T06:26:45 - [TEST_STEP][PASSED] - click(findTestObject("Object Repository/Page_CURA Healthcare Service/button_Login")): Object: 'Object Repository/Page_CURA Healthcare Service/button_Login' is clicked on

08-02-2024T06:26:46 - [MESSAGE][PASSED] - Object: 'Object Repository/Page_CURA Healthcare Service/button_Login' is clicked on

08-02-2024T06:26:46 - [TEST_STEP][PASSED] - verifyElementPresent(findTestObject("Page_CURA Healthcare Service/h2_Make Appointment"), 0): Object 'Object Repository/Page_CURA Healthcare Service/h2_Make Appointment' is present

08-02-2024T06:26:46 - [MESSAGE][WARNING] - Timeout '0' is invalid. Using default page load timeout: '30'

08-02-2024T06:26:47 - [MESSAGE][PASSED] - Object 'Object Repository/Page_CURA Healthcare Service/h2_Make Appointment' is present

08-02-2024T06:26:47 - [TEST_STEP][PASSED] - closeBrowser(): Browser is closed

08-02-2024T06:26:47 - [MESSAGE][PASSED] - Browser is closed

08-02-2024T06:26:47 - [TEST_STEP][PASSED] - Start listener action : sampleAfterTestCase: Browser is closed

08-02-2024T06:26:47 - [TEST_STEP][PASSED] - closeBrowser(): Browser is closed

08-02-2024T06:26:47 - [MESSAGE][PASSED] - Browser is closed]]></system-out>
         <system-err><![CDATA[]]></system-err>
      </testcase>
      <system-out><![CDATA[08-02-2024T06:26:20 - [TEST_SUITE][PASSED] - CHS_login: Test Cases/CURA/TC_CURA_MakeApointment_003]]></system-out>
      <system-err><![CDATA[]]></system-err>
   </testsuite>
</testsuites>
