<?xml version="1.0" encoding="UTF-8"?>
<testsuites name="CHS_login" time="11.126" tests="1" failures="0" errors="0">
   <testsuite name="CHS_login" tests="1" failures="0" errors="0" time="11.126" skipped="0" timestamp="08-02-2024T05:44:16" hostname="ayesh - DELL" id="Test Suites/CURA_Login/CHS_login">
      <properties>
         <property name="deviceName" value=""/>
         <property name="devicePlatform" value=""/>
         <property name="logFolder" value="C:\\Users\\ayesh\\Katalon Studio\\Software Automation Testing with Katalon\\Reports\\20240208_054410\\CURA_Login\\CHS_login\\20240208_054410"/>
         <property name="logFiles" value="C:\\Users\\ayesh\\Katalon Studio\\Software Automation Testing with Katalon\\Reports\\20240208_054410\\CURA_Login\\CHS_login\\20240208_054410\\execution0.log"/>
         <property name="attachments" value=""/>
         <property name="hostName" value="ayesh - DELL"/>
         <property name="os" value="Windows 11 64bit"/>
         <property name="katalonVersion" value="9.1.0.212"/>
         <property name="browser" value="Chrome 121.0.0.0"/>
         <property name="hostAddress" value="192.168.0.109"/>
         <property name="sessionId" value="b45f5cdc9201d6e44b4f5c9c3255e3f0"/>
         <property name="seleniumVersion" value="3.141.59"/>
         <property name="proxyInformation" value="ProxyInformation { proxyOption=NO_PROXY, proxyServerType=HTTP, username=, password=********, proxyServerAddress=, proxyServerPort=0, executionList=&quot;&quot;, isApplyToDesiredCapabilities=true }"/>
         <property name="platform" value="Windows 11"/>
      </properties>
      <testcase name="Test Cases/CURA/Login" time="10.826" classname="Test Cases/CURA/Login" status="PASSED">
         <system-out><![CDATA[08-02-2024T05:44:17 - [TEST_CASE][PASSED] - Test Cases/CURA/Login: Test Cases/CURA/Login

08-02-2024T05:44:17 - [TEST_STEP][PASSED] - openBrowser(""): Browser is opened with url: ''

08-02-2024T05:44:17 - [MESSAGE][INFO] - Starting 'Chrome' driver

08-02-2024T05:44:17 - [MESSAGE][INFO] - Action delay is set to 0 milliseconds

08-02-2024T05:44:19 - [MESSAGE][PASSED] - Browser is opened with url: ''

08-02-2024T05:44:19 - [TEST_STEP][PASSED] - navigateToUrl("https://katalon-demo-cura.herokuapp.com/"): Navigate to 'https://katalon-demo-cura.herokuapp.com/' successfully

08-02-2024T05:44:22 - [MESSAGE][PASSED] - Navigate to 'https://katalon-demo-cura.herokuapp.com/' successfully

08-02-2024T05:44:22 - [TEST_STEP][PASSED] - click(findTestObject("Object Repository/Page_CURA Healthcare Service/amenu-toggle")): Object: 'Object Repository/Page_CURA Healthcare Service/amenu-toggle' is clicked on

08-02-2024T05:44:23 - [MESSAGE][PASSED] - Object: 'Object Repository/Page_CURA Healthcare Service/amenu-toggle' is clicked on

08-02-2024T05:44:23 - [TEST_STEP][PASSED] - click(findTestObject("Object Repository/Page_CURA Healthcare Service/a_Login")): Object: 'Object Repository/Page_CURA Healthcare Service/a_Login' is clicked on

08-02-2024T05:44:24 - [MESSAGE][PASSED] - Object: 'Object Repository/Page_CURA Healthcare Service/a_Login' is clicked on

08-02-2024T05:44:24 - [TEST_STEP][PASSED] - setText(findTestObject("Object Repository/Page_CURA Healthcare Service/input_Username_username"), username): Text 'John Doe' is set on object 'Object Repository/Page_CURA Healthcare Service/input_Username_username'

08-02-2024T05:44:25 - [MESSAGE][PASSED] - Text 'John Doe' is set on object 'Object Repository/Page_CURA Healthcare Service/input_Username_username'

08-02-2024T05:44:25 - [TEST_STEP][PASSED] - setText(findTestObject("Page_CURA Healthcare Service/input_Password_password"), password): Text 'ThisIsNotAPassword' is set on object 'Object Repository/Page_CURA Healthcare Service/input_Password_password'

08-02-2024T05:44:26 - [MESSAGE][PASSED] - Text 'ThisIsNotAPassword' is set on object 'Object Repository/Page_CURA Healthcare Service/input_Password_password'

08-02-2024T05:44:26 - [TEST_STEP][PASSED] - click(findTestObject("Object Repository/Page_CURA Healthcare Service/button_Login")): Object: 'Object Repository/Page_CURA Healthcare Service/button_Login' is clicked on

08-02-2024T05:44:27 - [MESSAGE][PASSED] - Object: 'Object Repository/Page_CURA Healthcare Service/button_Login' is clicked on

08-02-2024T05:44:27 - [TEST_STEP][PASSED] - closeBrowser(): Browser is closed

08-02-2024T05:44:27 - [MESSAGE][PASSED] - Browser is closed]]></system-out>
         <system-err><![CDATA[]]></system-err>
      </testcase>
      <system-out><![CDATA[08-02-2024T05:44:16 - [TEST_SUITE][PASSED] - CHS_login: Test Cases/CURA/Login]]></system-out>
      <system-err><![CDATA[]]></system-err>
   </testsuite>
</testsuites>
