<?xml version="1.0" encoding="UTF-8"?>
<testsuites name="cura_login_testlistener" time="15.732" tests="1" failures="0" errors="0">
   <testsuite name="cura_login_testlistener" tests="1" failures="0" errors="0" time="15.732" skipped="0" timestamp="08-02-2024T05:57:39" hostname="ayesh - DELL" id="Test Suites/CURA_Login/cura_login_testlistener">
      <properties>
         <property name="deviceName" value=""/>
         <property name="devicePlatform" value=""/>
         <property name="logFolder" value="C:\\Users\\ayesh\\Katalon Studio\\Software Automation Testing with Katalon\\Reports\\20240208_055733\\CURA_Login\\cura_login_testlistener\\20240208_055733"/>
         <property name="logFiles" value="C:\\Users\\ayesh\\Katalon Studio\\Software Automation Testing with Katalon\\Reports\\20240208_055733\\CURA_Login\\cura_login_testlistener\\20240208_055733\\execution0.log"/>
         <property name="attachments" value=""/>
         <property name="hostName" value="ayesh - DELL"/>
         <property name="os" value="Windows 11 64bit"/>
         <property name="katalonVersion" value="9.1.0.212"/>
         <property name="browser" value="Chrome 121.0.0.0"/>
         <property name="hostAddress" value="192.168.0.109"/>
         <property name="sessionId" value="dd1d22ebfc5628ef7d392478d874ef04"/>
         <property name="seleniumVersion" value="3.141.59"/>
         <property name="proxyInformation" value="ProxyInformation { proxyOption=NO_PROXY, proxyServerType=HTTP, username=, password=********, proxyServerAddress=, proxyServerPort=0, executionList=&quot;&quot;, isApplyToDesiredCapabilities=true }"/>
         <property name="platform" value="Windows 11"/>
      </properties>
      <testcase name="Test Cases/CURA/Login" time="15.38" classname="Test Cases/CURA/Login" status="PASSED">
         <system-out><![CDATA[08-02-2024T05:57:40 - [TEST_CASE][PASSED] - Test Cases/CURA/Login: Test Cases/CURA/Login

08-02-2024T05:57:40 - [TEST_STEP][PASSED] - Start listener action : sampleBeforeTestCase: Navigate to 'https://katalon-demo-cura.herokuapp.com/' successfully

08-02-2024T05:57:40 - [TEST_STEP][PASSED] - openBrowser(""): Browser is opened with url: ''

08-02-2024T05:57:40 - [MESSAGE][INFO] - Starting 'Chrome' driver

08-02-2024T05:57:40 - [MESSAGE][INFO] - Action delay is set to 0 milliseconds

08-02-2024T05:57:42 - [MESSAGE][PASSED] - Browser is opened with url: ''

08-02-2024T05:57:42 - [TEST_STEP][PASSED] - navigateToUrl("https://katalon-demo-cura.herokuapp.com/"): Navigate to 'https://katalon-demo-cura.herokuapp.com/' successfully

08-02-2024T05:57:45 - [MESSAGE][PASSED] - Navigate to 'https://katalon-demo-cura.herokuapp.com/' successfully

08-02-2024T05:57:46 - [TEST_STEP][PASSED] - openBrowser(""): Browser is opened with url: ''

08-02-2024T05:57:46 - [MESSAGE][WARNING] - A browser is already opened. Closing browser and opening a new one

08-02-2024T05:57:46 - [MESSAGE][INFO] - Starting 'Chrome' driver

08-02-2024T05:57:46 - [MESSAGE][INFO] - Action delay is set to 0 milliseconds

08-02-2024T05:57:47 - [MESSAGE][PASSED] - Browser is opened with url: ''

08-02-2024T05:57:47 - [TEST_STEP][PASSED] - navigateToUrl("https://katalon-demo-cura.herokuapp.com/"): Navigate to 'https://katalon-demo-cura.herokuapp.com/' successfully

08-02-2024T05:57:50 - [MESSAGE][PASSED] - Navigate to 'https://katalon-demo-cura.herokuapp.com/' successfully

08-02-2024T05:57:50 - [TEST_STEP][PASSED] - click(findTestObject("Object Repository/Page_CURA Healthcare Service/amenu-toggle")): Object: 'Object Repository/Page_CURA Healthcare Service/amenu-toggle' is clicked on

08-02-2024T05:57:51 - [MESSAGE][PASSED] - Object: 'Object Repository/Page_CURA Healthcare Service/amenu-toggle' is clicked on

08-02-2024T05:57:51 - [TEST_STEP][PASSED] - click(findTestObject("Object Repository/Page_CURA Healthcare Service/a_Login")): Object: 'Object Repository/Page_CURA Healthcare Service/a_Login' is clicked on

08-02-2024T05:57:52 - [MESSAGE][PASSED] - Object: 'Object Repository/Page_CURA Healthcare Service/a_Login' is clicked on

08-02-2024T05:57:52 - [TEST_STEP][PASSED] - setText(findTestObject("Object Repository/Page_CURA Healthcare Service/input_Username_username"), username): Text 'John Doe' is set on object 'Object Repository/Page_CURA Healthcare Service/input_Username_username'

08-02-2024T05:57:53 - [MESSAGE][PASSED] - Text 'John Doe' is set on object 'Object Repository/Page_CURA Healthcare Service/input_Username_username'

08-02-2024T05:57:53 - [TEST_STEP][PASSED] - setText(findTestObject("Page_CURA Healthcare Service/input_Password_password"), password): Text 'ThisIsNotAPassword' is set on object 'Object Repository/Page_CURA Healthcare Service/input_Password_password'

08-02-2024T05:57:54 - [MESSAGE][PASSED] - Text 'ThisIsNotAPassword' is set on object 'Object Repository/Page_CURA Healthcare Service/input_Password_password'

08-02-2024T05:57:54 - [TEST_STEP][PASSED] - click(findTestObject("Object Repository/Page_CURA Healthcare Service/button_Login")): Object: 'Object Repository/Page_CURA Healthcare Service/button_Login' is clicked on

08-02-2024T05:57:55 - [MESSAGE][PASSED] - Object: 'Object Repository/Page_CURA Healthcare Service/button_Login' is clicked on

08-02-2024T05:57:55 - [TEST_STEP][PASSED] - closeBrowser(): Browser is closed

08-02-2024T05:57:55 - [MESSAGE][PASSED] - Browser is closed

08-02-2024T05:57:55 - [TEST_STEP][PASSED] - Start listener action : sampleAfterTestCase: Browser is closed

08-02-2024T05:57:55 - [TEST_STEP][PASSED] - closeBrowser(): Browser is closed

08-02-2024T05:57:55 - [MESSAGE][PASSED] - Browser is closed]]></system-out>
         <system-err><![CDATA[]]></system-err>
      </testcase>
      <system-out><![CDATA[08-02-2024T05:57:39 - [TEST_SUITE][PASSED] - cura_login_testlistener: Test Cases/CURA/Login]]></system-out>
      <system-err><![CDATA[]]></system-err>
   </testsuite>
</testsuites>
